<!DOCTYPE html>
<html>
  <head>
    <meta charset="utf-8"/>
    <title>report.html</title>
    <link href="assets/style.css" rel="stylesheet" type="text/css"/></head>
  <body onLoad="init()">
    <script>/* This Source Code Form is subject to the terms of the Mozilla Public
 * License, v. 2.0. If a copy of the MPL was not distributed with this file,
 * You can obtain one at http://mozilla.org/MPL/2.0/. */


function toArray(iter) {
    if (iter === null) {
        return null;
    }
    return Array.prototype.slice.call(iter);
}

function find(selector, elem) { // eslint-disable-line no-redeclare
    if (!elem) {
        elem = document;
    }
    return elem.querySelector(selector);
}

function findAll(selector, elem) {
    if (!elem) {
        elem = document;
    }
    return toArray(elem.querySelectorAll(selector));
}

function sortColumn(elem) {
    toggleSortStates(elem);
    const colIndex = toArray(elem.parentNode.childNodes).indexOf(elem);
    let key;
    if (elem.classList.contains('result')) {
        key = keyResult;
    } else if (elem.classList.contains('links')) {
        key = keyLink;
    } else {
        key = keyAlpha;
    }
    sortTable(elem, key(colIndex));
}

function showAllExtras() { // eslint-disable-line no-unused-vars
    findAll('.col-result').forEach(showExtras);
}

function hideAllExtras() { // eslint-disable-line no-unused-vars
    findAll('.col-result').forEach(hideExtras);
}

function showExtras(colresultElem) {
    const extras = colresultElem.parentNode.nextElementSibling;
    const expandcollapse = colresultElem.firstElementChild;
    extras.classList.remove('collapsed');
    expandcollapse.classList.remove('expander');
    expandcollapse.classList.add('collapser');
}

function hideExtras(colresultElem) {
    const extras = colresultElem.parentNode.nextElementSibling;
    const expandcollapse = colresultElem.firstElementChild;
    extras.classList.add('collapsed');
    expandcollapse.classList.remove('collapser');
    expandcollapse.classList.add('expander');
}

function showFilters() {
    let visibleString = getQueryParameter('visible') || 'all';
    visibleString = visibleString.toLowerCase();
    const checkedItems = visibleString.split(',');

    const filterItems = document.getElementsByClassName('filter');
    for (let i = 0; i < filterItems.length; i++) {
        filterItems[i].hidden = false;

        if (visibleString != 'all') {
            filterItems[i].checked = checkedItems.includes(filterItems[i].getAttribute('data-test-result'));
            filterTable(filterItems[i]);
        }
    }
}

function addCollapse() {
    // Add links for show/hide all
    const resulttable = find('table#results-table');
    const showhideall = document.createElement('p');
    showhideall.innerHTML = '<a href="javascript:showAllExtras()">Show all details</a> / ' +
                            '<a href="javascript:hideAllExtras()">Hide all details</a>';
    resulttable.parentElement.insertBefore(showhideall, resulttable);

    // Add show/hide link to each result
    findAll('.col-result').forEach(function(elem) {
        const collapsed = getQueryParameter('collapsed') || 'Passed';
        const extras = elem.parentNode.nextElementSibling;
        const expandcollapse = document.createElement('span');
        if (extras.classList.contains('collapsed')) {
            expandcollapse.classList.add('expander');
        } else if (collapsed.includes(elem.innerHTML)) {
            extras.classList.add('collapsed');
            expandcollapse.classList.add('expander');
        } else {
            expandcollapse.classList.add('collapser');
        }
        elem.appendChild(expandcollapse);

        elem.addEventListener('click', function(event) {
            if (event.currentTarget.parentNode.nextElementSibling.classList.contains('collapsed')) {
                showExtras(event.currentTarget);
            } else {
                hideExtras(event.currentTarget);
            }
        });
    });
}

function getQueryParameter(name) {
    const match = RegExp('[?&]' + name + '=([^&]*)').exec(window.location.search);
    return match && decodeURIComponent(match[1].replace(/\+/g, ' '));
}

function init () { // eslint-disable-line no-unused-vars
    resetSortHeaders();

    addCollapse();

    showFilters();

    sortColumn(find('.initial-sort'));

    findAll('.sortable').forEach(function(elem) {
        elem.addEventListener('click',
            function() {
                sortColumn(elem);
            }, false);
    });
}

function sortTable(clicked, keyFunc) {
    const rows = findAll('.results-table-row');
    const reversed = !clicked.classList.contains('asc');
    const sortedRows = sort(rows, keyFunc, reversed);
    /* Whole table is removed here because browsers acts much slower
     * when appending existing elements.
     */
    const thead = document.getElementById('results-table-head');
    document.getElementById('results-table').remove();
    const parent = document.createElement('table');
    parent.id = 'results-table';
    parent.appendChild(thead);
    sortedRows.forEach(function(elem) {
        parent.appendChild(elem);
    });
    document.getElementsByTagName('BODY')[0].appendChild(parent);
}

function sort(items, keyFunc, reversed) {
    const sortArray = items.map(function(item, i) {
        return [keyFunc(item), i];
    });

    sortArray.sort(function(a, b) {
        const keyA = a[0];
        const keyB = b[0];

        if (keyA == keyB) return 0;

        if (reversed) {
            return keyA < keyB ? 1 : -1;
        } else {
            return keyA > keyB ? 1 : -1;
        }
    });

    return sortArray.map(function(item) {
        const index = item[1];
        return items[index];
    });
}

function keyAlpha(colIndex) {
    return function(elem) {
        return elem.childNodes[1].childNodes[colIndex].firstChild.data.toLowerCase();
    };
}

function keyLink(colIndex) {
    return function(elem) {
        const dataCell = elem.childNodes[1].childNodes[colIndex].firstChild;
        return dataCell == null ? '' : dataCell.innerText.toLowerCase();
    };
}

function keyResult(colIndex) {
    return function(elem) {
        const strings = ['Error', 'Failed', 'Rerun', 'XFailed', 'XPassed',
            'Skipped', 'Passed'];
        return strings.indexOf(elem.childNodes[1].childNodes[colIndex].firstChild.data);
    };
}

function resetSortHeaders() {
    findAll('.sort-icon').forEach(function(elem) {
        elem.parentNode.removeChild(elem);
    });
    findAll('.sortable').forEach(function(elem) {
        const icon = document.createElement('div');
        icon.className = 'sort-icon';
        icon.textContent = 'vvv';
        elem.insertBefore(icon, elem.firstChild);
        elem.classList.remove('desc', 'active');
        elem.classList.add('asc', 'inactive');
    });
}

function toggleSortStates(elem) {
    //if active, toggle between asc and desc
    if (elem.classList.contains('active')) {
        elem.classList.toggle('asc');
        elem.classList.toggle('desc');
    }

    //if inactive, reset all other functions and add ascending active
    if (elem.classList.contains('inactive')) {
        resetSortHeaders();
        elem.classList.remove('inactive');
        elem.classList.add('active');
    }
}

function isAllRowsHidden(value) {
    return value.hidden == false;
}

function filterTable(elem) { // eslint-disable-line no-unused-vars
    const outcomeAtt = 'data-test-result';
    const outcome = elem.getAttribute(outcomeAtt);
    const classOutcome = outcome + ' results-table-row';
    const outcomeRows = document.getElementsByClassName(classOutcome);

    for(let i = 0; i < outcomeRows.length; i++){
        outcomeRows[i].hidden = !elem.checked;
    }

    const rows = findAll('.results-table-row').filter(isAllRowsHidden);
    const allRowsHidden = rows.length == 0 ? true : false;
    const notFoundMessage = document.getElementById('not-found-message');
    notFoundMessage.hidden = !allRowsHidden;
}
</script>
    <h1>report.html</h1>
    <p>Report generated on 18-Nov-2022 at 14:40:44 by <a href="https://pypi.python.org/pypi/pytest-html">pytest-html</a> v3.2.0</p>
    <h2>Environment</h2>
    <table id="environment">
      <tr>
        <td>Packages</td>
        <td>{"pluggy": "1.0.0", "pytest": "7.2.0"}</td></tr>
      <tr>
        <td>Platform</td>
        <td>macOS-12.6-x86_64-i386-64bit</td></tr>
      <tr>
        <td>Plugins</td>
        <td>{"html": "3.2.0", "metadata": "2.0.4"}</td></tr>
      <tr>
        <td>Python</td>
        <td>3.9.6</td></tr></table>
    <h2>Summary</h2>
    <p>18 tests ran in 286.26 seconds. </p>
    <p class="filter" hidden="true">(Un)check the boxes to filter the results.</p><input checked="true" class="filter" data-test-result="passed" hidden="true" name="filter_checkbox" onChange="filterTable(this)" type="checkbox"/><span class="passed">16 passed</span>, <input checked="true" class="filter" data-test-result="skipped" disabled="true" hidden="true" name="filter_checkbox" onChange="filterTable(this)" type="checkbox"/><span class="skipped">0 skipped</span>, <input checked="true" class="filter" data-test-result="failed" hidden="true" name="filter_checkbox" onChange="filterTable(this)" type="checkbox"/><span class="failed">2 failed</span>, <input checked="true" class="filter" data-test-result="error" disabled="true" hidden="true" name="filter_checkbox" onChange="filterTable(this)" type="checkbox"/><span class="error">0 errors</span>, <input checked="true" class="filter" data-test-result="xfailed" disabled="true" hidden="true" name="filter_checkbox" onChange="filterTable(this)" type="checkbox"/><span class="xfailed">0 expected failures</span>, <input checked="true" class="filter" data-test-result="xpassed" disabled="true" hidden="true" name="filter_checkbox" onChange="filterTable(this)" type="checkbox"/><span class="xpassed">0 unexpected passes</span>
    <h2>Results</h2>
    <table id="results-table">
      <thead id="results-table-head">
        <tr>
          <th class="sortable result initial-sort" col="result">Result</th>
          <th class="sortable" col="name">Test</th>
          <th class="sortable" col="duration">Duration</th>
          <th class="sortable links" col="links">Links</th></tr>
        <tr hidden="true" id="not-found-message">
          <th colspan="4">No results found. Try to check the filters</th></tr></thead>
      <tbody class="failed results-table-row">
        <tr>
          <td class="col-result">Failed</td>
          <td class="col-name">Tests/TestSuite/TestRunner.py::TestRegistration::test_new_registration</td>
          <td class="col-duration">27.11</td>
          <td class="col-links"></td></tr>
        <tr>
          <td class="extra" colspan="4">
            <div class="log">self = &lt;Tests.Scripts.RegisterNewUser.TestRegistration testMethod=test_new_registration&gt;<br/><br/>    def test_new_registration(self):<br/>        driver = self.driver<br/>    <br/>        # Check that user can register successfully<br/>        enter_email = driver.find_element(By.XPATH, Locator.register_email)<br/>        enter_email.clear()<br/>        enter_email.send_keys(TestData.unregistered_email_address)<br/>    <br/>        driver.find_element(By.XPATH, Locator.register_next_button).click()<br/>        sleep(2)<br/>    <br/>        # Check if first name field is left blank, a warning message is displayed<br/>        try:<br/>            driver.find_element(By.XPATH, Locator.register_next_button_2).click()<br/>            warning_message = driver.find_element(By.XPATH, Locator.first_name_empty_warning)<br/>            if warning_message.is_displayed():<br/>                print(warning_message.get_attribute(&quot;text&quot;))<br/>        except NoSuchElementException:<br/>            pass<br/>    <br/>&gt;       driver.find_element(By.XPATH, Locator.register_first_name).send_keys(TestData.firstname)<br/><br/>Tests/Scripts/RegisterNewUser.py:48: <br/>_ _ _ _ _ _ _ _ _ _ _ _ _ _ _ _ _ _ _ _ _ _ _ _ _ _ _ _ _ _ _ _ _ _ _ _ _ _ _ _ <br/>venv/lib/python3.9/site-packages/selenium/webdriver/remote/webdriver.py:861: in find_element<br/>    return self.execute(Command.FIND_ELEMENT, {&quot;using&quot;: by, &quot;value&quot;: value})[&quot;value&quot;]<br/>venv/lib/python3.9/site-packages/selenium/webdriver/remote/webdriver.py:444: in execute<br/>    self.error_handler.check_response(response)<br/>_ _ _ _ _ _ _ _ _ _ _ _ _ _ _ _ _ _ _ _ _ _ _ _ _ _ _ _ _ _ _ _ _ _ _ _ _ _ _ _ <br/><br/>self = &lt;selenium.webdriver.remote.errorhandler.ErrorHandler object at 0x10806c130&gt;<br/>response = {&#x27;status&#x27;: 404, &#x27;value&#x27;: &#x27;{&quot;value&quot;:{&quot;error&quot;:&quot;no such element&quot;,&quot;message&quot;:&quot;no such element: Unable to locate element: {\...ff8137d74e1 _pthread_start + 125\\n20  libsystem_pthread.dylib             0x00007ff8137d2f6b thread_start + 15\\n&quot;}}&#x27;}<br/><br/>    def check_response(self, response: Dict[str, Any]) -&gt; None:<br/>        &quot;&quot;&quot;<br/>        Checks that a JSON response from the WebDriver does not have an error.<br/>    <br/>        :Args:<br/>         - response - The JSON response from the WebDriver server as a dictionary<br/>           object.<br/>    <br/>        :Raises: If the response contains an error message.<br/>        &quot;&quot;&quot;<br/>        status = response.get(&quot;status&quot;, None)<br/>        if not status or status == ErrorCode.SUCCESS:<br/>            return<br/>        value = None<br/>        message = response.get(&quot;message&quot;, &quot;&quot;)<br/>        screen: str = response.get(&quot;screen&quot;, &quot;&quot;)<br/>        stacktrace = None<br/>        if isinstance(status, int):<br/>            value_json = response.get(&quot;value&quot;, None)<br/>            if value_json and isinstance(value_json, str):<br/>                import json<br/>    <br/>                try:<br/>                    value = json.loads(value_json)<br/>                    if len(value.keys()) == 1:<br/>                        value = value[&quot;value&quot;]<br/>                    status = value.get(&quot;error&quot;, None)<br/>                    if not status:<br/>                        status = value.get(&quot;status&quot;, ErrorCode.UNKNOWN_ERROR)<br/>                        message = value.get(&quot;value&quot;) or value.get(&quot;message&quot;)<br/>                        if not isinstance(message, str):<br/>                            value = message<br/>                            message = message.get(&quot;message&quot;)<br/>                    else:<br/>                        message = value.get(&quot;message&quot;, None)<br/>                except ValueError:<br/>                    pass<br/>    <br/>        exception_class: Type[WebDriverException]<br/>        if status in ErrorCode.NO_SUCH_ELEMENT:<br/>            exception_class = NoSuchElementException<br/>        elif status in ErrorCode.NO_SUCH_FRAME:<br/>            exception_class = NoSuchFrameException<br/>        elif status in ErrorCode.NO_SUCH_SHADOW_ROOT:<br/>            exception_class = NoSuchShadowRootException<br/>        elif status in ErrorCode.NO_SUCH_WINDOW:<br/>            exception_class = NoSuchWindowException<br/>        elif status in ErrorCode.STALE_ELEMENT_REFERENCE:<br/>            exception_class = StaleElementReferenceException<br/>        elif status in ErrorCode.ELEMENT_NOT_VISIBLE:<br/>            exception_class = ElementNotVisibleException<br/>        elif status in ErrorCode.INVALID_ELEMENT_STATE:<br/>            exception_class = InvalidElementStateException<br/>        elif (<br/>            status in ErrorCode.INVALID_SELECTOR<br/>            or status in ErrorCode.INVALID_XPATH_SELECTOR<br/>            or status in ErrorCode.INVALID_XPATH_SELECTOR_RETURN_TYPER<br/>        ):<br/>            exception_class = InvalidSelectorException<br/>        elif status in ErrorCode.ELEMENT_IS_NOT_SELECTABLE:<br/>            exception_class = ElementNotSelectableException<br/>        elif status in ErrorCode.ELEMENT_NOT_INTERACTABLE:<br/>            exception_class = ElementNotInteractableException<br/>        elif status in ErrorCode.INVALID_COOKIE_DOMAIN:<br/>            exception_class = InvalidCookieDomainException<br/>        elif status in ErrorCode.UNABLE_TO_SET_COOKIE:<br/>            exception_class = UnableToSetCookieException<br/>        elif status in ErrorCode.TIMEOUT:<br/>            exception_class = TimeoutException<br/>        elif status in ErrorCode.SCRIPT_TIMEOUT:<br/>            exception_class = TimeoutException<br/>        elif status in ErrorCode.UNKNOWN_ERROR:<br/>            exception_class = WebDriverException<br/>        elif status in ErrorCode.UNEXPECTED_ALERT_OPEN:<br/>            exception_class = UnexpectedAlertPresentException<br/>        elif status in ErrorCode.NO_ALERT_OPEN:<br/>            exception_class = NoAlertPresentException<br/>        elif status in ErrorCode.IME_NOT_AVAILABLE:<br/>            exception_class = ImeNotAvailableException<br/>        elif status in ErrorCode.IME_ENGINE_ACTIVATION_FAILED:<br/>            exception_class = ImeActivationFailedException<br/>        elif status in ErrorCode.MOVE_TARGET_OUT_OF_BOUNDS:<br/>            exception_class = MoveTargetOutOfBoundsException<br/>        elif status in ErrorCode.JAVASCRIPT_ERROR:<br/>            exception_class = JavascriptException<br/>        elif status in ErrorCode.SESSION_NOT_CREATED:<br/>            exception_class = SessionNotCreatedException<br/>        elif status in ErrorCode.INVALID_ARGUMENT:<br/>            exception_class = InvalidArgumentException<br/>        elif status in ErrorCode.NO_SUCH_COOKIE:<br/>            exception_class = NoSuchCookieException<br/>        elif status in ErrorCode.UNABLE_TO_CAPTURE_SCREEN:<br/>            exception_class = ScreenshotException<br/>        elif status in ErrorCode.ELEMENT_CLICK_INTERCEPTED:<br/>            exception_class = ElementClickInterceptedException<br/>        elif status in ErrorCode.INSECURE_CERTIFICATE:<br/>            exception_class = InsecureCertificateException<br/>        elif status in ErrorCode.INVALID_COORDINATES:<br/>            exception_class = InvalidCoordinatesException<br/>        elif status in ErrorCode.INVALID_SESSION_ID:<br/>            exception_class = InvalidSessionIdException<br/>        elif status in ErrorCode.UNKNOWN_METHOD:<br/>            exception_class = UnknownMethodException<br/>        else:<br/>            exception_class = WebDriverException<br/>        if not value:<br/>            value = response[&quot;value&quot;]<br/>        if isinstance(value, str):<br/>            raise exception_class(value)<br/>        if message == &quot;&quot; and &quot;message&quot; in value:<br/>            message = value[&quot;message&quot;]<br/>    <br/>        screen = None  # type: ignore[assignment]<br/>        if &quot;screen&quot; in value:<br/>            screen = value[&quot;screen&quot;]<br/>    <br/>        stacktrace = None<br/>        st_value = value.get(&quot;stackTrace&quot;) or value.get(&quot;stacktrace&quot;)<br/>        if st_value:<br/>            if isinstance(st_value, str):<br/>                stacktrace = st_value.split(&quot;\n&quot;)<br/>            else:<br/>                stacktrace = []<br/>                try:<br/>                    for frame in st_value:<br/>                        line = frame.get(&quot;lineNumber&quot;, &quot;&quot;)<br/>                        file = frame.get(&quot;fileName&quot;, &quot;&lt;anonymous&gt;&quot;)<br/>                        if line:<br/>                            file = f&quot;{file}:{line}&quot;<br/>                        meth = frame.get(&quot;methodName&quot;, &quot;&lt;anonymous&gt;&quot;)<br/>                        if &quot;className&quot; in frame:<br/>                            meth = &quot;{}.{}&quot;.format(frame[&quot;className&quot;], meth)<br/>                        msg = &quot;    at %s (%s)&quot;<br/>                        msg = msg % (meth, file)<br/>                        stacktrace.append(msg)<br/>                except TypeError:<br/>                    pass<br/>        if exception_class == UnexpectedAlertPresentException:<br/>            alert_text = None<br/>            if &quot;data&quot; in value:<br/>                alert_text = value[&quot;data&quot;].get(&quot;text&quot;)<br/>            elif &quot;alert&quot; in value:<br/>                alert_text = value[&quot;alert&quot;].get(&quot;text&quot;)<br/>            raise exception_class(message, screen, stacktrace, alert_text)  # type: ignore[call-arg]  # mypy is not smart enough here<br/>&gt;       raise exception_class(message, screen, stacktrace)<br/><span class="error">E       selenium.common.exceptions.NoSuchElementException: Message: no such element: Unable to locate element: {&quot;method&quot;:&quot;xpath&quot;,&quot;selector&quot;:&quot;//div[@class=&#x27;stuff&#x27;]//input[@id=&#x27;register_first_name&#x27;]&quot;}</span><br/><span class="error">E         (Session info: chrome=107.0.5304.110)</span><br/><span class="error">E       Stacktrace:</span><br/><span class="error">E       0   chromedriver                        0x000000010a3562c8 chromedriver + 4752072</span><br/><span class="error">E       1   chromedriver                        0x000000010a2d6463 chromedriver + 4228195</span><br/><span class="error">E       2   chromedriver                        0x0000000109f39b18 chromedriver + 441112</span><br/><span class="error">E       3   chromedriver                        0x0000000109f76e21 chromedriver + 691745</span><br/><span class="error">E       4   chromedriver                        0x0000000109f77061 chromedriver + 692321</span><br/><span class="error">E       5   chromedriver                        0x0000000109fb25e4 chromedriver + 935396</span><br/><span class="error">E       6   chromedriver                        0x0000000109f97d2d chromedriver + 826669</span><br/><span class="error">E       7   chromedriver                        0x0000000109fb0134 chromedriver + 926004</span><br/><span class="error">E       8   chromedriver                        0x0000000109f97b33 chromedriver + 826163</span><br/><span class="error">E       9   chromedriver                        0x0000000109f689fd chromedriver + 633341</span><br/><span class="error">E       10  chromedriver                        0x0000000109f6a051 chromedriver + 639057</span><br/><span class="error">E       11  chromedriver                        0x000000010a32330e chromedriver + 4543246</span><br/><span class="error">E       12  chromedriver                        0x000000010a327a88 chromedriver + 4561544</span><br/><span class="error">E       13  chromedriver                        0x000000010a32f6df chromedriver + 4593375</span><br/><span class="error">E       14  chromedriver                        0x000000010a3288fa chromedriver + 4565242</span><br/><span class="error">E       15  chromedriver                        0x000000010a2fe2cf chromedriver + 4391631</span><br/><span class="error">E       16  chromedriver                        0x000000010a3475b8 chromedriver + 4691384</span><br/><span class="error">E       17  chromedriver                        0x000000010a347739 chromedriver + 4691769</span><br/><span class="error">E       18  chromedriver                        0x000000010a35d81e chromedriver + 4782110</span><br/><span class="error">E       19  libsystem_pthread.dylib             0x00007ff8137d74e1 _pthread_start + 125</span><br/><span class="error">E       20  libsystem_pthread.dylib             0x00007ff8137d2f6b thread_start + 15</span><br/><br/>venv/lib/python3.9/site-packages/selenium/webdriver/remote/errorhandler.py:249: NoSuchElementException<br/> ------------------------------Captured stdout call------------------------------ <br/>Run started at : 2022-11-18 14:36:37.887967
Test Environment Set Up
-----------------------
None
---------------------
Test Environment Destroyed
Run Completed at: 2022-11-18 14:37:00.279481
<br/></div></td></tr></tbody>
      <tbody class="failed results-table-row">
        <tr>
          <td class="col-result">Failed</td>
          <td class="col-name">Tests/TestSuite/TestRunner.py::TestChangePassword::test_that_user_can_change_password</td>
          <td class="col-duration">28.78</td>
          <td class="col-links"></td></tr>
        <tr>
          <td class="extra" colspan="4">
            <div class="log">self = &lt;Tests.Scripts.ChangePassword.TestChangePassword testMethod=test_that_user_can_change_password&gt;<br/><br/>    def test_that_user_can_change_password(self):<br/>        driver = self.driver<br/>    # Sign In<br/>        enter_email = driver.find_element(By.XPATH, Locator.sign_in_email)<br/>        enter_email.clear()<br/>        enter_email.send_keys(TestData.valid_email_1)<br/>        driver.find_element(By.XPATH, Locator.sign_in_next_button).click()<br/>        enter_password = driver.find_element(By.XPATH, Locator.sign_in_password)<br/>        enter_password.clear()<br/>        enter_password.send_keys(TestData.current_password)<br/>        driver.find_element(By.XPATH, Locator.sign_in_button).click()<br/>        sleep(3)<br/>    # Take screenshot if password entered is invalid<br/>        driver.get_screenshot_as_file(&quot;password_change.png&quot;)<br/>        driver.save_screenshot(&quot;ScreenShots/password_change.png&quot;)<br/>    # Navigate to User Profile<br/>&gt;       driver.find_element(By.XPATH, Locator.avatar).click()<br/><br/>Tests/Scripts/ChangePassword.py:29: <br/>_ _ _ _ _ _ _ _ _ _ _ _ _ _ _ _ _ _ _ _ _ _ _ _ _ _ _ _ _ _ _ _ _ _ _ _ _ _ _ _ <br/>venv/lib/python3.9/site-packages/selenium/webdriver/remote/webdriver.py:861: in find_element<br/>    return self.execute(Command.FIND_ELEMENT, {&quot;using&quot;: by, &quot;value&quot;: value})[&quot;value&quot;]<br/>venv/lib/python3.9/site-packages/selenium/webdriver/remote/webdriver.py:444: in execute<br/>    self.error_handler.check_response(response)<br/>_ _ _ _ _ _ _ _ _ _ _ _ _ _ _ _ _ _ _ _ _ _ _ _ _ _ _ _ _ _ _ _ _ _ _ _ _ _ _ _ <br/><br/>self = &lt;selenium.webdriver.remote.errorhandler.ErrorHandler object at 0x10819c6d0&gt;<br/>response = {&#x27;status&#x27;: 404, &#x27;value&#x27;: &#x27;{&quot;value&quot;:{&quot;error&quot;:&quot;no such element&quot;,&quot;message&quot;:&quot;no such element: Unable to locate element: {\...ff8137d74e1 _pthread_start + 125\\n20  libsystem_pthread.dylib             0x00007ff8137d2f6b thread_start + 15\\n&quot;}}&#x27;}<br/><br/>    def check_response(self, response: Dict[str, Any]) -&gt; None:<br/>        &quot;&quot;&quot;<br/>        Checks that a JSON response from the WebDriver does not have an error.<br/>    <br/>        :Args:<br/>         - response - The JSON response from the WebDriver server as a dictionary<br/>           object.<br/>    <br/>        :Raises: If the response contains an error message.<br/>        &quot;&quot;&quot;<br/>        status = response.get(&quot;status&quot;, None)<br/>        if not status or status == ErrorCode.SUCCESS:<br/>            return<br/>        value = None<br/>        message = response.get(&quot;message&quot;, &quot;&quot;)<br/>        screen: str = response.get(&quot;screen&quot;, &quot;&quot;)<br/>        stacktrace = None<br/>        if isinstance(status, int):<br/>            value_json = response.get(&quot;value&quot;, None)<br/>            if value_json and isinstance(value_json, str):<br/>                import json<br/>    <br/>                try:<br/>                    value = json.loads(value_json)<br/>                    if len(value.keys()) == 1:<br/>                        value = value[&quot;value&quot;]<br/>                    status = value.get(&quot;error&quot;, None)<br/>                    if not status:<br/>                        status = value.get(&quot;status&quot;, ErrorCode.UNKNOWN_ERROR)<br/>                        message = value.get(&quot;value&quot;) or value.get(&quot;message&quot;)<br/>                        if not isinstance(message, str):<br/>                            value = message<br/>                            message = message.get(&quot;message&quot;)<br/>                    else:<br/>                        message = value.get(&quot;message&quot;, None)<br/>                except ValueError:<br/>                    pass<br/>    <br/>        exception_class: Type[WebDriverException]<br/>        if status in ErrorCode.NO_SUCH_ELEMENT:<br/>            exception_class = NoSuchElementException<br/>        elif status in ErrorCode.NO_SUCH_FRAME:<br/>            exception_class = NoSuchFrameException<br/>        elif status in ErrorCode.NO_SUCH_SHADOW_ROOT:<br/>            exception_class = NoSuchShadowRootException<br/>        elif status in ErrorCode.NO_SUCH_WINDOW:<br/>            exception_class = NoSuchWindowException<br/>        elif status in ErrorCode.STALE_ELEMENT_REFERENCE:<br/>            exception_class = StaleElementReferenceException<br/>        elif status in ErrorCode.ELEMENT_NOT_VISIBLE:<br/>            exception_class = ElementNotVisibleException<br/>        elif status in ErrorCode.INVALID_ELEMENT_STATE:<br/>            exception_class = InvalidElementStateException<br/>        elif (<br/>            status in ErrorCode.INVALID_SELECTOR<br/>            or status in ErrorCode.INVALID_XPATH_SELECTOR<br/>            or status in ErrorCode.INVALID_XPATH_SELECTOR_RETURN_TYPER<br/>        ):<br/>            exception_class = InvalidSelectorException<br/>        elif status in ErrorCode.ELEMENT_IS_NOT_SELECTABLE:<br/>            exception_class = ElementNotSelectableException<br/>        elif status in ErrorCode.ELEMENT_NOT_INTERACTABLE:<br/>            exception_class = ElementNotInteractableException<br/>        elif status in ErrorCode.INVALID_COOKIE_DOMAIN:<br/>            exception_class = InvalidCookieDomainException<br/>        elif status in ErrorCode.UNABLE_TO_SET_COOKIE:<br/>            exception_class = UnableToSetCookieException<br/>        elif status in ErrorCode.TIMEOUT:<br/>            exception_class = TimeoutException<br/>        elif status in ErrorCode.SCRIPT_TIMEOUT:<br/>            exception_class = TimeoutException<br/>        elif status in ErrorCode.UNKNOWN_ERROR:<br/>            exception_class = WebDriverException<br/>        elif status in ErrorCode.UNEXPECTED_ALERT_OPEN:<br/>            exception_class = UnexpectedAlertPresentException<br/>        elif status in ErrorCode.NO_ALERT_OPEN:<br/>            exception_class = NoAlertPresentException<br/>        elif status in ErrorCode.IME_NOT_AVAILABLE:<br/>            exception_class = ImeNotAvailableException<br/>        elif status in ErrorCode.IME_ENGINE_ACTIVATION_FAILED:<br/>            exception_class = ImeActivationFailedException<br/>        elif status in ErrorCode.MOVE_TARGET_OUT_OF_BOUNDS:<br/>            exception_class = MoveTargetOutOfBoundsException<br/>        elif status in ErrorCode.JAVASCRIPT_ERROR:<br/>            exception_class = JavascriptException<br/>        elif status in ErrorCode.SESSION_NOT_CREATED:<br/>            exception_class = SessionNotCreatedException<br/>        elif status in ErrorCode.INVALID_ARGUMENT:<br/>            exception_class = InvalidArgumentException<br/>        elif status in ErrorCode.NO_SUCH_COOKIE:<br/>            exception_class = NoSuchCookieException<br/>        elif status in ErrorCode.UNABLE_TO_CAPTURE_SCREEN:<br/>            exception_class = ScreenshotException<br/>        elif status in ErrorCode.ELEMENT_CLICK_INTERCEPTED:<br/>            exception_class = ElementClickInterceptedException<br/>        elif status in ErrorCode.INSECURE_CERTIFICATE:<br/>            exception_class = InsecureCertificateException<br/>        elif status in ErrorCode.INVALID_COORDINATES:<br/>            exception_class = InvalidCoordinatesException<br/>        elif status in ErrorCode.INVALID_SESSION_ID:<br/>            exception_class = InvalidSessionIdException<br/>        elif status in ErrorCode.UNKNOWN_METHOD:<br/>            exception_class = UnknownMethodException<br/>        else:<br/>            exception_class = WebDriverException<br/>        if not value:<br/>            value = response[&quot;value&quot;]<br/>        if isinstance(value, str):<br/>            raise exception_class(value)<br/>        if message == &quot;&quot; and &quot;message&quot; in value:<br/>            message = value[&quot;message&quot;]<br/>    <br/>        screen = None  # type: ignore[assignment]<br/>        if &quot;screen&quot; in value:<br/>            screen = value[&quot;screen&quot;]<br/>    <br/>        stacktrace = None<br/>        st_value = value.get(&quot;stackTrace&quot;) or value.get(&quot;stacktrace&quot;)<br/>        if st_value:<br/>            if isinstance(st_value, str):<br/>                stacktrace = st_value.split(&quot;\n&quot;)<br/>            else:<br/>                stacktrace = []<br/>                try:<br/>                    for frame in st_value:<br/>                        line = frame.get(&quot;lineNumber&quot;, &quot;&quot;)<br/>                        file = frame.get(&quot;fileName&quot;, &quot;&lt;anonymous&gt;&quot;)<br/>                        if line:<br/>                            file = f&quot;{file}:{line}&quot;<br/>                        meth = frame.get(&quot;methodName&quot;, &quot;&lt;anonymous&gt;&quot;)<br/>                        if &quot;className&quot; in frame:<br/>                            meth = &quot;{}.{}&quot;.format(frame[&quot;className&quot;], meth)<br/>                        msg = &quot;    at %s (%s)&quot;<br/>                        msg = msg % (meth, file)<br/>                        stacktrace.append(msg)<br/>                except TypeError:<br/>                    pass<br/>        if exception_class == UnexpectedAlertPresentException:<br/>            alert_text = None<br/>            if &quot;data&quot; in value:<br/>                alert_text = value[&quot;data&quot;].get(&quot;text&quot;)<br/>            elif &quot;alert&quot; in value:<br/>                alert_text = value[&quot;alert&quot;].get(&quot;text&quot;)<br/>            raise exception_class(message, screen, stacktrace, alert_text)  # type: ignore[call-arg]  # mypy is not smart enough here<br/>&gt;       raise exception_class(message, screen, stacktrace)<br/><span class="error">E       selenium.common.exceptions.NoSuchElementException: Message: no such element: Unable to locate element: {&quot;method&quot;:&quot;xpath&quot;,&quot;selector&quot;:&quot;//div[@class=&#x27;user_profile&#x27;]//img&quot;}</span><br/><span class="error">E         (Session info: chrome=107.0.5304.110)</span><br/><span class="error">E       Stacktrace:</span><br/><span class="error">E       0   chromedriver                        0x000000010e2a32c8 chromedriver + 4752072</span><br/><span class="error">E       1   chromedriver                        0x000000010e223463 chromedriver + 4228195</span><br/><span class="error">E       2   chromedriver                        0x000000010de86b18 chromedriver + 441112</span><br/><span class="error">E       3   chromedriver                        0x000000010dec3e21 chromedriver + 691745</span><br/><span class="error">E       4   chromedriver                        0x000000010dec4061 chromedriver + 692321</span><br/><span class="error">E       5   chromedriver                        0x000000010deff5e4 chromedriver + 935396</span><br/><span class="error">E       6   chromedriver                        0x000000010dee4d2d chromedriver + 826669</span><br/><span class="error">E       7   chromedriver                        0x000000010defd134 chromedriver + 926004</span><br/><span class="error">E       8   chromedriver                        0x000000010dee4b33 chromedriver + 826163</span><br/><span class="error">E       9   chromedriver                        0x000000010deb59fd chromedriver + 633341</span><br/><span class="error">E       10  chromedriver                        0x000000010deb7051 chromedriver + 639057</span><br/><span class="error">E       11  chromedriver                        0x000000010e27030e chromedriver + 4543246</span><br/><span class="error">E       12  chromedriver                        0x000000010e274a88 chromedriver + 4561544</span><br/><span class="error">E       13  chromedriver                        0x000000010e27c6df chromedriver + 4593375</span><br/><span class="error">E       14  chromedriver                        0x000000010e2758fa chromedriver + 4565242</span><br/><span class="error">E       15  chromedriver                        0x000000010e24b2cf chromedriver + 4391631</span><br/><span class="error">E       16  chromedriver                        0x000000010e2945b8 chromedriver + 4691384</span><br/><span class="error">E       17  chromedriver                        0x000000010e294739 chromedriver + 4691769</span><br/><span class="error">E       18  chromedriver                        0x000000010e2aa81e chromedriver + 4782110</span><br/><span class="error">E       19  libsystem_pthread.dylib             0x00007ff8137d74e1 _pthread_start + 125</span><br/><span class="error">E       20  libsystem_pthread.dylib             0x00007ff8137d2f6b thread_start + 15</span><br/><br/>venv/lib/python3.9/site-packages/selenium/webdriver/remote/errorhandler.py:249: NoSuchElementException<br/> ------------------------------Captured stdout call------------------------------ <br/>Run started at : 2022-11-18 14:38:34.282679
Test Environment Set Up
-----------------------
---------------------
Test Environment Destroyed
Run Completed at: 2022-11-18 14:38:58.523499
<br/></div></td></tr></tbody>
      <tbody class="passed results-table-row">
        <tr>
          <td class="col-result">Passed</td>
          <td class="col-name">Tests/TestSuite/TestRunner.py::TestSignIn::test_sign_in_invalid_password</td>
          <td class="col-duration">9.61</td>
          <td class="col-links"></td></tr>
        <tr>
          <td class="extra" colspan="4">
            <div class="log"> ------------------------------Captured stdout call------------------------------ <br/>Run started at : 2022-11-18 14:36:04.029239
Test Environment Set Up
-----------------------
Password entered is not valid
---------------------
Test Environment Destroyed
Run Completed at: 2022-11-18 14:36:07.473595
<br/></div></td></tr></tbody>
      <tbody class="passed results-table-row">
        <tr>
          <td class="col-result">Passed</td>
          <td class="col-name">Tests/TestSuite/TestRunner.py::TestSignIn::test_sign_in_unregistered_email</td>
          <td class="col-duration">5.83</td>
          <td class="col-links"></td></tr>
        <tr>
          <td class="extra" colspan="4">
            <div class="log"> ------------------------------Captured stdout call------------------------------ <br/>Run started at : 2022-11-18 14:36:12.062972
Test Environment Set Up
-----------------------
Email address is not registered.
---------------------
Test Environment Destroyed
Run Completed at: 2022-11-18 14:36:13.319213
<br/></div></td></tr></tbody>
      <tbody class="passed results-table-row">
        <tr>
          <td class="col-result">Passed</td>
          <td class="col-name">Tests/TestSuite/TestRunner.py::TestSignIn::test_valid_sign_in</td>
          <td class="col-duration">12.30</td>
          <td class="col-links"></td></tr>
        <tr>
          <td class="extra" colspan="4">
            <div class="log"> ------------------------------Captured stdout call------------------------------ <br/>Run started at : 2022-11-18 14:36:17.876150
Test Environment Set Up
-----------------------
Successfully Signed In.
---------------------
Test Environment Destroyed
Run Completed at: 2022-11-18 14:36:25.624995
<br/></div></td></tr></tbody>
      <tbody class="passed results-table-row">
        <tr>
          <td class="col-result">Passed</td>
          <td class="col-name">Tests/TestSuite/TestRunner.py::TestRegistration::test_email_already_registered</td>
          <td class="col-duration">7.51</td>
          <td class="col-links"></td></tr>
        <tr>
          <td class="extra" colspan="4">
            <div class="log"> ------------------------------Captured stdout call------------------------------ <br/>Run started at : 2022-11-18 14:36:30.787249
Test Environment Set Up
-----------------------
This email address is already registered
---------------------
Test Environment Destroyed
Run Completed at: 2022-11-18 14:36:33.060598
<br/></div></td></tr></tbody>
      <tbody class="passed results-table-row">
        <tr>
          <td class="col-result">Passed</td>
          <td class="col-name">Tests/TestSuite/TestRunner.py::TestRegistration::test_newly_registered_user_signin</td>
          <td class="col-duration">10.88</td>
          <td class="col-links"></td></tr>
        <tr>
          <td class="extra" colspan="4">
            <div class="log"> ------------------------------Captured stdout call------------------------------ <br/>Run started at : 2022-11-18 14:37:05.434743
Test Environment Set Up
-----------------------
Successfully Signed In new User.
---------------------
Test Environment Destroyed
Run Completed at: 2022-11-18 14:37:11.273120
<br/></div></td></tr></tbody>
      <tbody class="passed results-table-row">
        <tr>
          <td class="col-result">Passed</td>
          <td class="col-name">Tests/TestSuite/TestRunner.py::TestURLLaunch::test_url_display</td>
          <td class="col-duration">7.51</td>
          <td class="col-links"></td></tr>
        <tr>
          <td class="extra" colspan="4">
            <div class="log"> ------------------------------Captured stdout call------------------------------ <br/>Run started at : 2022-11-18 14:37:15.503909
Test Environment Set Up
-----------------------
Web App logo is displayed - Web App URL is successfully launched.
---------------------
Test Environment Destroyed
Run Completed at: 2022-11-18 14:37:18.764341
<br/></div></td></tr></tbody>
      <tbody class="passed results-table-row">
        <tr>
          <td class="col-result">Passed</td>
          <td class="col-name">Tests/TestSuite/TestRunner.py::TestUserProfile::test_profile_image_upload</td>
          <td class="col-duration">14.28</td>
          <td class="col-links"></td></tr>
        <tr>
          <td class="extra" colspan="4">
            <div class="log"> ------------------------------Captured stdout call------------------------------ <br/>Run started at : 2022-11-18 14:37:22.993553
Test Environment Set Up
-----------------------
Image uploaded successfully
---------------------
Test Environment Destroyed
Run Completed at: 2022-11-18 14:37:33.025909
<br/></div></td></tr></tbody>
      <tbody class="passed results-table-row">
        <tr>
          <td class="col-result">Passed</td>
          <td class="col-name">Tests/TestSuite/TestRunner.py::TestUserProfile::test_remove_profile_image</td>
          <td class="col-duration">15.65</td>
          <td class="col-links"></td></tr>
        <tr>
          <td class="extra" colspan="4">
            <div class="log"> ------------------------------Captured stdout call------------------------------ <br/>Run started at : 2022-11-18 14:37:37.702630
Test Environment Set Up
-----------------------
Image removed successfully
---------------------
Test Environment Destroyed
Run Completed at: 2022-11-18 14:37:48.814290
<br/></div></td></tr></tbody>
      <tbody class="passed results-table-row">
        <tr>
          <td class="col-result">Passed</td>
          <td class="col-name">Tests/TestSuite/TestRunner.py::TestHeaderTab::test_header_tab_items</td>
          <td class="col-duration">17.13</td>
          <td class="col-links"></td></tr>
        <tr>
          <td class="extra" colspan="4">
            <div class="log"> ------------------------------Captured stdout call------------------------------ <br/>Run started at : 2022-11-18 14:37:52.933113
Test Environment Set Up
-----------------------
Centre name displayed is: 
        _DEMO_City Place Doral
        swap_horiz
---------------------
Test Environment Destroyed
Run Completed at: 2022-11-18 14:38:05.994861
<br/></div></td></tr></tbody>
      <tbody class="passed results-table-row">
        <tr>
          <td class="col-result">Passed</td>
          <td class="col-name">Tests/TestSuite/TestRunner.py::TestForgotPassword::test_forgot_password</td>
          <td class="col-duration">7.71</td>
          <td class="col-links"></td></tr>
        <tr>
          <td class="extra" colspan="4">
            <div class="log"> ------------------------------Captured stdout call------------------------------ <br/>Run started at : 2022-11-18 14:38:10.795944
Test Environment Set Up
-----------------------
Password Reset email sent successfully.
---------------------
Test Environment Destroyed
Run Completed at: 2022-11-18 14:38:13.500877
<br/></div></td></tr></tbody>
      <tbody class="passed results-table-row">
        <tr>
          <td class="col-result">Passed</td>
          <td class="col-name">Tests/TestSuite/TestRunner.py::TestCentreSwitch::test_user_can_switch_centre</td>
          <td class="col-duration">16.12</td>
          <td class="col-links"></td></tr>
        <tr>
          <td class="extra" colspan="4">
            <div class="log"> ------------------------------Captured stdout call------------------------------ <br/>Run started at : 2022-11-18 14:38:17.990749
Test Environment Set Up
-----------------------
Centre switch successful.
---------------------
Test Environment Destroyed
Run Completed at: 2022-11-18 14:38:29.861593
<br/></div></td></tr></tbody>
      <tbody class="passed results-table-row">
        <tr>
          <td class="col-result">Passed</td>
          <td class="col-name">Tests/TestSuite/TestRunner.py::TestChangeLanguage::test_change_language_list</td>
          <td class="col-duration">24.05</td>
          <td class="col-links"></td></tr>
        <tr>
          <td class="extra" colspan="4">
            <div class="log"> ------------------------------Captured stdout call------------------------------ <br/>Run started at : 2022-11-18 14:39:03.824698
Test Environment Set Up
-----------------------
https://staging-app.mallcommapp.com/assets/img/flags/us.png
https://staging-app.mallcommapp.com/assets/img/flags/cs.png
https://staging-app.mallcommapp.com/assets/img/flags/da.png
https://staging-app.mallcommapp.com/assets/img/flags/nl.png
https://staging-app.mallcommapp.com/assets/img/flags/fr.png
https://staging-app.mallcommapp.com/assets/img/flags/de.png
https://staging-app.mallcommapp.com/assets/img/flags/hu.png
https://staging-app.mallcommapp.com/assets/img/flags/it.png
https://staging-app.mallcommapp.com/assets/img/flags/pl.png
https://staging-app.mallcommapp.com/assets/img/flags/sk.png
https://staging-app.mallcommapp.com/assets/img/flags/es.png
https://staging-app.mallcommapp.com/assets/img/flags/sv.png
https://staging-app.mallcommapp.com/assets/img/flags/tr.png
https://staging-app.mallcommapp.com/assets/img/flags/ar.png
https://staging-app.mallcommapp.com/assets/img/flags/en.png
---------------------
Test Environment Destroyed
Run Completed at: 2022-11-18 14:39:22.639626
<br/></div></td></tr></tbody>
      <tbody class="passed results-table-row">
        <tr>
          <td class="col-result">Passed</td>
          <td class="col-name">Tests/TestSuite/TestRunner.py::TestCountryCodeSwitch::test_country_code</td>
          <td class="col-duration">14.03</td>
          <td class="col-links"></td></tr>
        <tr>
          <td class="extra" colspan="4">
            <div class="log"> ------------------------------Captured stdout call------------------------------ <br/>Run started at : 2022-11-18 14:39:27.555120
Test Environment Set Up
-----------------------
Country Dial Code switching successfully.
---------------------
Test Environment Destroyed
Run Completed at: 2022-11-18 14:39:36.658518
<br/></div></td></tr></tbody>
      <tbody class="passed results-table-row">
        <tr>
          <td class="col-result">Passed</td>
          <td class="col-name">Tests/TestSuite/TestRunner.py::TestSettings::test_settings_functions</td>
          <td class="col-duration">30.35</td>
          <td class="col-links"></td></tr>
        <tr>
          <td class="extra" colspan="4">
            <div class="log"> ------------------------------Captured stdout call------------------------------ <br/>Run started at : 2022-11-18 14:39:41.405299
Test Environment Set Up
-----------------------
Settings url is: https://staging-app.mallcommapp.com/settings
English US
          
Czech
          
Danish
          
Dutch
          
French
          
German
          
Hungarian
          
Italian
          
Polish
          
Slovak
          
Spanish
          
Swedish
          
Turkish
          
Arabic
          
English UK
          
---------------------
Test Environment Destroyed
Run Completed at: 2022-11-18 14:40:07.039957
<br/></div></td></tr></tbody>
      <tbody class="passed results-table-row">
        <tr>
          <td class="col-result">Passed</td>
          <td class="col-name">Tests/TestSuite/TestRunner.py::TestRegisterForAnotherStore::test_another_store_register</td>
          <td class="col-duration">20.03</td>
          <td class="col-links"></td></tr>
        <tr>
          <td class="extra" colspan="4">
            <div class="log"> ------------------------------Captured stdout call------------------------------ <br/>Run started at : 2022-11-18 14:40:11.194752
Test Environment Set Up
-----------------------
Successfully registered for another store
---------------------
Test Environment Destroyed
Run Completed at: 2022-11-18 14:40:27.169503
<br/></div></td></tr></tbody>
      <tbody class="passed results-table-row">
        <tr>
          <td class="col-result">Passed</td>
          <td class="col-name">Tests/TestSuite/TestRunner.py::TestLockedAccount::test_account_locked_after_multiple_password_attempts</td>
          <td class="col-duration">16.72</td>
          <td class="col-links"></td></tr>
        <tr>
          <td class="extra" colspan="4">
            <div class="log"> ------------------------------Captured stdout call------------------------------ <br/>Run started at : 2022-11-18 14:40:31.740980
Test Environment Set Up
-----------------------
Account is locked after multiple unsuccessful password entry attempts.
---------------------
Test Environment Destroyed
Run Completed at: 2022-11-18 14:40:43.799097
<br/></div></td></tr></tbody></table></body></html>